<?xml version="1.0" encoding="UTF-8"?>
<!-- Generated by org.testng.reporters.JUnitXMLReporter -->
<testsuite ignored="2" hostname="DESKTOP-1TQ704J" failures="1" tests="1" name="Default test" time="4.069" errors="0" timestamp="2023-12-07T20:29:30 EAT">
  <testcase classname="com.arola.notaker.DaoTests.NoteDaoTests" name="testGetNoteByTitle" time="0.132">
    <failure type="org.hibernate.LazyInitializationException" message="could not initialize proxy [com.arola.notaker.entities.User#1] - no Session">
      <![CDATA[org.hibernate.LazyInitializationException: could not initialize proxy [com.arola.notaker.entities.User#1] - no Session
at org.hibernate.proxy.AbstractLazyInitializer.initialize(AbstractLazyInitializer.java:175)
at org.hibernate.proxy.AbstractLazyInitializer.getImplementation(AbstractLazyInitializer.java:315)
at org.hibernate.proxy.pojo.bytebuddy.ByteBuddyInterceptor.intercept(ByteBuddyInterceptor.java:45)
at org.hibernate.proxy.ProxyConfiguration$InterceptorDispatcher.intercept(ProxyConfiguration.java:95)
at com.arola.notaker.entities.User$HibernateProxy$k1fBmD2V.toString(Unknown Source)
at java.base/java.lang.String.valueOf(String.java:4220)
at java.base/java.lang.StringBuilder.append(StringBuilder.java:173)
at com.arola.notaker.entities.Note.toString(Note.java:30)
at com.arola.notaker.DaoTests.NoteDaoTests.testGetNoteByTitle(NoteDaoTests.java:53)
at java.base/jdk.internal.reflect.NativeMethodAccessorImpl.invoke0(Native Method)
at java.base/jdk.internal.reflect.NativeMethodAccessorImpl.invoke(NativeMethodAccessorImpl.java:77)
at java.base/jdk.internal.reflect.DelegatingMethodAccessorImpl.invoke(DelegatingMethodAccessorImpl.java:43)
at java.base/java.lang.reflect.Method.invoke(Method.java:568)
at org.testng.internal.MethodInvocationHelper.invokeMethod(MethodInvocationHelper.java:133)
at org.testng.internal.TestInvoker.invokeMethod(TestInvoker.java:598)
at org.testng.internal.TestInvoker.invokeTestMethod(TestInvoker.java:173)
at org.testng.internal.MethodRunner.runInSequence(MethodRunner.java:46)
at org.testng.internal.TestInvoker$MethodInvocationAgent.invoke(TestInvoker.java:824)
at org.testng.internal.TestInvoker.invokeTestMethods(TestInvoker.java:146)
at org.testng.internal.TestMethodWorker.invokeTestMethods(TestMethodWorker.java:146)
at org.testng.internal.TestMethodWorker.run(TestMethodWorker.java:128)
at java.base/java.util.ArrayList.forEach(ArrayList.java:1511)
at org.testng.TestRunner.privateRun(TestRunner.java:794)
at org.testng.TestRunner.run(TestRunner.java:596)
at org.testng.SuiteRunner.runTest(SuiteRunner.java:377)
at org.testng.SuiteRunner.runSequentially(SuiteRunner.java:371)
at org.testng.SuiteRunner.privateRun(SuiteRunner.java:332)
at org.testng.SuiteRunner.run(SuiteRunner.java:276)
at org.testng.SuiteRunnerWorker.runSuite(SuiteRunnerWorker.java:53)
at org.testng.SuiteRunnerWorker.run(SuiteRunnerWorker.java:96)
at org.testng.TestNG.runSuitesSequentially(TestNG.java:1212)
at org.testng.TestNG.runSuitesLocally(TestNG.java:1134)
at org.testng.TestNG.runSuites(TestNG.java:1063)
at org.testng.TestNG.run(TestNG.java:1031)
at org.testng.remote.AbstractRemoteTestNG.run(AbstractRemoteTestNG.java:115)
at org.testng.remote.RemoteTestNG.initAndRun(RemoteTestNG.java:251)
at org.testng.remote.RemoteTestNG.main(RemoteTestNG.java:77)
]]>
    </failure>
  </testcase> <!-- testGetNoteByTitle -->
  <testcase classname="com.arola.notaker.DaoTests.NoteDaoTests" name="testCreateNote" time="0.0">
    <ignored/>
  </testcase> <!-- testCreateNote -->
  <testcase classname="com.arola.notaker.DaoTests.NoteDaoTests" name="testPopulateNotes" time="0.0">
    <ignored/>
  </testcase> <!-- testPopulateNotes -->
</testsuite> <!-- Default test -->
