<?xml version="1.0" encoding="UTF-8"?>
<!-- Generated by org.testng.reporters.JUnitXMLReporter -->
<testsuite ignored="1" hostname="DESKTOP-1TQ704J" failures="0" tests="1" name="Default test" time="6.116" errors="0" timestamp="2023-12-07T08:09:28 EAT">
  <testcase classname="com.arola.notaker.DaoTests.NoteDaoTests" name="testPopulateNotes" time="0.453"/>
  <testcase classname="com.arola.notaker.DaoTests.NoteDaoTests" name="testCreateNote" time="0.0">
    <ignored/>
  </testcase> <!-- testCreateNote -->
</testsuite> <!-- Default test -->
