<?xml version="1.0" encoding="UTF-8"?>
<testng-results ignored="8" total="9" passed="1" failed="0" skipped="0">
  <reporter-output>
  </reporter-output>
  <suite started-at="2023-12-11T18:03:47 EAT" name="Default suite" finished-at="2023-12-11T18:03:51 EAT" duration-ms="3914">
    <groups>
    </groups>
    <test started-at="2023-12-11T18:03:47 EAT" name="Default test" finished-at="2023-12-11T18:03:51 EAT" duration-ms="3914">
      <class name="com.arola.notaker.DaoTests.NoteDaoTests">
        <test-method is-config="true" signature="setUp()[pri:0, instance:com.arola.notaker.DaoTests.NoteDaoTests@fa49800]" started-at="2023-12-11T18:03:48 EAT" name="setUp" finished-at="2023-12-11T18:03:51 EAT" duration-ms="3712" status="PASS">
          <reporter-output>
          </reporter-output>
        </test-method> <!-- setUp -->
        <test-method signature="testdeleteNoteContents()[pri:0, instance:com.arola.notaker.DaoTests.NoteDaoTests@fa49800]" started-at="2023-12-11T18:03:51 EAT" name="testdeleteNoteContents" finished-at="2023-12-11T18:03:51 EAT" duration-ms="158" status="PASS">
          <reporter-output>
          </reporter-output>
        </test-method> <!-- testdeleteNoteContents -->
        <test-method is-config="true" signature="shutDown()[pri:0, instance:com.arola.notaker.DaoTests.NoteDaoTests@fa49800]" started-at="2023-12-11T18:03:51 EAT" name="shutDown" finished-at="2023-12-11T18:03:51 EAT" duration-ms="0" status="PASS">
          <reporter-output>
          </reporter-output>
        </test-method> <!-- shutDown -->
      </class> <!-- com.arola.notaker.DaoTests.NoteDaoTests -->
    </test> <!-- Default test -->
  </suite> <!-- Default suite -->
</testng-results>
