<?xml version="1.0" encoding="UTF-8"?>
<testng-results ignored="3" total="4" passed="1" failed="0" skipped="0">
  <reporter-output>
  </reporter-output>
  <suite started-at="2023-12-27T10:24:07 EAT" name="Default suite" finished-at="2023-12-27T10:24:07 EAT" duration-ms="707">
    <groups>
    </groups>
    <test started-at="2023-12-27T10:24:07 EAT" name="Default test" finished-at="2023-12-27T10:24:07 EAT" duration-ms="707">
      <class name="com.arola.notaker.DaoTests.NotebookDaoTests">
        <test-method signature="testDeleteNotebook()[pri:0, instance:com.arola.notaker.DaoTests.NotebookDaoTests@6ef4cbe1]" started-at="2023-12-27T10:24:07 EAT" name="testDeleteNotebook" finished-at="2023-12-27T10:24:07 EAT" duration-ms="666" status="PASS">
          <reporter-output>
          </reporter-output>
        </test-method> <!-- testDeleteNotebook -->
      </class> <!-- com.arola.notaker.DaoTests.NotebookDaoTests -->
    </test> <!-- Default test -->
  </suite> <!-- Default suite -->
</testng-results>
