<?xml version="1.0" encoding="UTF-8"?>
<!-- Generated by org.testng.reporters.JUnitXMLReporter -->
<testsuite ignored="5" hostname="DESKTOP-1TQ704J" failures="0" tests="3" name="GRP-create-user" time="0.252" errors="0" timestamp="2023-12-12T19:37:53 EAT">
  <testcase classname="com.arola.notaker.DaoTests.UserDaoTest" name="testCreateUser" time="0.126"/>
  <testcase classname="com.arola.notaker.DaoTests.UserDaoTest" name="testCreaterUserWithEmail" time="0.014"/>
  <testcase classname="com.arola.notaker.DaoTests.UserDaoTest" name="testCreateUserWithEmailAndPassword" time="0.008"/>
  <testcase classname="com.arola.notaker.DaoTests.UserDaoTest" name="testFindUserById" time="0.0">
    <ignored/>
  </testcase> <!-- testFindUserById -->
  <testcase classname="com.arola.notaker.DaoTests.UserDaoTest" name="testupdateUserName" time="0.0">
    <ignored/>
  </testcase> <!-- testupdateUserName -->
  <testcase classname="com.arola.notaker.DaoTests.UserDaoTest" name="testFindUserByName" time="0.0">
    <ignored/>
  </testcase> <!-- testFindUserByName -->
  <testcase classname="com.arola.notaker.DaoTests.UserDaoTest" name="testFindUser" time="0.0">
    <ignored/>
  </testcase> <!-- testFindUser -->
  <testcase classname="com.arola.notaker.DaoTests.UserDaoTest" name="testPopulateUsers" time="0.0">
    <ignored/>
  </testcase> <!-- testPopulateUsers -->
</testsuite> <!-- GRP-create-user -->
