<?xml version="1.0" encoding="UTF-8"?>
<!-- Generated by org.testng.reporters.JUnitXMLReporter -->
<testsuite ignored="4" hostname="DESKTOP-1TQ704J" failures="1" tests="6" name="userdao-functional Tests" time="0.537" errors="0" timestamp="2023-12-13T20:02:58 EAT">
  <testcase classname="com.arola.notaker.DaoTests.UserDaoTest" name="testFindUser" time="0.096"/>
  <testcase classname="com.arola.notaker.DaoTests.UserDaoTest" name="testCreateUser" time="0.222"/>
  <testcase classname="com.arola.notaker.DaoTests.UserDaoTest" name="testCreaterUserWithEmail" time="0.051"/>
  <testcase classname="com.arola.notaker.DaoTests.UserDaoTest" name="testCreateUserWithEmailAndPassword" time="0.034"/>
  <testcase classname="com.arola.notaker.DaoTests.UserDaoTest" name="testFindUserById" time="0.031"/>
  <testcase classname="com.arola.notaker.DaoTests.UserDaoTest" name="testupdateUserName" time="0.02">
    <failure type="javax.persistence.NoResultException" message="No entity found for query">
      <![CDATA[javax.persistence.NoResultException: No entity found for query
at org.hibernate.query.internal.AbstractProducedQuery.getSingleResult(AbstractProducedQuery.java:1654)
at com.arola.notaker.dao.UserDao.findUserByName(UserDao.java:178)
at com.arola.notaker.DaoTests.UserDaoTest.testupdateUserName(UserDaoTest.java:67)
at java.base/java.util.ArrayList.forEach(ArrayList.java:1511)
... Removed 27 stack frames]]>
    </failure>
  </testcase> <!-- testupdateUserName -->
  <testcase classname="com.arola.notaker.DaoTests.UserDaoTest" name="testDeleteUserById" time="0.0">
    <ignored/>
  </testcase> <!-- testDeleteUserById -->
  <testcase classname="com.arola.notaker.DaoTests.UserDaoTest" name="testDeleteUserByName" time="0.0">
    <ignored/>
  </testcase> <!-- testDeleteUserByName -->
  <testcase classname="com.arola.notaker.DaoTests.UserDaoTest" name="testFindUserByName" time="0.0">
    <ignored/>
  </testcase> <!-- testFindUserByName -->
  <testcase classname="com.arola.notaker.DaoTests.UserDaoTest" name="testPopulateUsers" time="0.0">
    <ignored/>
  </testcase> <!-- testPopulateUsers -->
</testsuite> <!-- userdao-functional Tests -->
